2025-09-07 09:09:05,672 | WARNING | Ошибка HTTP 403 при запросе https://www.finam.ru/analytics/rsspoint/
2025-09-07 09:09:06,830 | INFO | Получено 100 новостей из www.cbr.ru
2025-09-07 09:09:08,017 | INFO | Получено 200 новостей из www.vedomosti.ru
2025-09-07 09:09:09,113 | INFO | Получено 0 новостей из arb.ru
2025-09-07 09:09:10,134 | INFO | Расписание публикаций: 09:09, 13:54, 16:30, 21:00
2025-09-07 09:09:10,721 | INFO | HTTP Request: POST https://api.telegram.org/bot8124218849:AAGREB2h5cSe5o08FqN-pM-p0pT1dw-5v-A/sendMessage "HTTP/1.1 200 OK"
2025-09-07 09:09:10,722 | INFO | ✅ Опубликовано: Греф на ВЭФ назвал необходимый уровень ключевой ст...
2025-09-07 09:09:10,724 | INFO | ⏳ Ожидание до 13:54 — 17099 сек...
2025-09-07 09:11:02,007 | INFO | Загружено 1 хешей из истории.
2025-09-07 09:11:02,073 | WARNING | Ошибка HTTP 403 при запросе https://www.finam.ru/analytics/rsspoint/
2025-09-07 09:11:03,235 | INFO | Получено 100 новостей из www.cbr.ru
2025-09-07 09:11:04,418 | INFO | Получено 200 новостей из www.vedomosti.ru
2025-09-07 09:11:05,506 | INFO | Получено 0 новостей из arb.ru
2025-09-07 09:11:06,518 | INFO | Расписание публикаций: 09:11, 13:51, 20:02, 21:51
2025-09-07 09:11:07,025 | INFO | HTTP Request: POST https://api.telegram.org/bot8124218849:AAGREB2h5cSe5o08FqN-pM-p0pT1dw-5v-A/sendMessage "HTTP/1.1 200 OK"
2025-09-07 09:11:07,026 | INFO | ✅ Опубликовано: Банковские МФО наращивают долю в выдачах...
2025-09-07 09:11:07,027 | INFO | ⏳ Ожидание до 13:51 — 16799 сек...
2025-09-07 09:11:38,484 | INFO | Загружено 2 хешей из истории.
2025-09-07 09:11:38,562 | WARNING | Ошибка HTTP 403 при запросе https://www.finam.ru/analytics/rsspoint/
2025-09-07 09:11:39,691 | INFO | Получено 100 новостей из www.cbr.ru
2025-09-07 09:11:40,890 | INFO | Получено 200 новостей из www.vedomosti.ru
2025-09-07 09:11:41,959 | INFO | Получено 0 новостей из arb.ru
2025-09-07 09:11:42,966 | INFO | Расписание публикаций: 09:11, 15:37, 21:02, 03:23
2025-09-07 09:11:43,471 | INFO | HTTP Request: POST https://api.telegram.org/bot8124218849:AAGREB2h5cSe5o08FqN-pM-p0pT1dw-5v-A/sendMessage "HTTP/1.1 200 OK"
2025-09-07 09:11:43,472 | INFO | ✅ Опубликовано: Почему в банковской системе сохраняется структурны...
2025-09-07 09:11:43,473 | INFO | ⏳ Ожидание до 15:37 — 23159 сек...
2025-09-07 09:11:58,059 | INFO | Загружено 3 хешей из истории.
2025-09-07 09:11:58,126 | WARNING | Ошибка HTTP 403 при запросе https://www.finam.ru/analytics/rsspoint/
2025-09-07 09:11:59,240 | INFO | Получено 100 новостей из www.cbr.ru
2025-09-07 09:12:00,437 | INFO | Получено 200 новостей из www.vedomosti.ru
2025-09-07 09:12:01,527 | INFO | Получено 0 новостей из arb.ru
2025-09-07 09:12:02,537 | INFO | Расписание публикаций: 09:12, 13:27, 15:26, 16:31
2025-09-07 09:12:02,879 | INFO | HTTP Request: POST https://api.telegram.org/bot8124218849:AAGREB2h5cSe5o08FqN-pM-p0pT1dw-5v-A/sendMessage "HTTP/1.1 200 OK"
2025-09-07 09:12:02,880 | INFO | ✅ Опубликовано: В июле продолжился рост на рынке облигаций...
2025-09-07 09:12:02,881 | INFO | ⏳ Ожидание до 13:27 — 15299 сек...
2025-09-07 09:12:28,403 | INFO | Загружено 4 хешей из истории.
2025-09-07 09:12:28,453 | WARNING | Ошибка HTTP 403 при запросе https://www.finam.ru/analytics/rsspoint/
2025-09-07 09:12:29,574 | INFO | Получено 100 новостей из www.cbr.ru
2025-09-07 09:12:30,765 | INFO | Получено 200 новостей из www.vedomosti.ru
2025-09-07 09:12:31,856 | INFO | Получено 0 новостей из arb.ru
2025-09-07 09:12:32,871 | INFO | Расписание публикаций: 09:12, 13:47, 15:38, 20:27
2025-09-07 09:12:33,381 | INFO | HTTP Request: POST https://api.telegram.org/bot8124218849:AAGREB2h5cSe5o08FqN-pM-p0pT1dw-5v-A/sendMessage "HTTP/1.1 200 OK"
2025-09-07 09:12:33,382 | INFO | ✅ Опубликовано: ВТБ получил около 1 трлн рублей на аукционе репо «...
2025-09-07 09:12:33,383 | INFO | ⏳ Ожидание до 13:47 — 16499 сек...
2025-09-07 09:12:56,185 | INFO | Загружено 5 хешей из истории.
2025-09-07 09:12:56,235 | WARNING | Ошибка HTTP 403 при запросе https://www.finam.ru/analytics/rsspoint/
2025-09-07 09:12:57,392 | INFO | Получено 100 новостей из www.cbr.ru
2025-09-07 09:12:58,615 | INFO | Получено 200 новостей из www.vedomosti.ru
2025-09-07 09:12:59,690 | INFO | Получено 0 новостей из arb.ru
2025-09-07 09:13:00,696 | INFO | Расписание публикаций: 09:13, 16:06, 21:00, 21:00
2025-09-07 09:13:01,159 | INFO | HTTP Request: POST https://api.telegram.org/bot8124218849:AAGREB2h5cSe5o08FqN-pM-p0pT1dw-5v-A/sendMessage "HTTP/1.1 200 OK"
2025-09-07 09:13:01,160 | INFO | ✅ Опубликовано: Украина попросила о снисхождении в споре со структ...
2025-09-07 09:13:01,161 | INFO | ⏳ Ожидание до 16:06 — 24779 сек...
2025-09-07 09:15:32,094 | INFO | Загружено 6 хешей из истории.
2025-09-07 09:15:32,174 | INFO | Получено 0 новостей из www.finam.ru
2025-09-07 09:15:34,321 | INFO | Получено 100 новостей из www.cbr.ru
2025-09-07 09:15:36,500 | INFO | Получено 200 новостей из www.vedomosti.ru
2025-09-07 09:15:38,751 | INFO | Получено 50 новостей из arb.ru
2025-09-07 09:15:41,074 | INFO | Получено 341 новостей из www.kommersant.ru
2025-09-07 09:15:43,144 | WARNING | Ошибка HTTP 404 при запросе https://www.rbc.ru/rss/finances.xml
2025-09-07 09:15:45,290 | WARNING | Ошибка HTTP 404 при запросе https://www.banki.ru/xml/news.rss
2025-09-07 09:15:47,299 | INFO | Расписание публикаций: 09:15, 14:43, 16:10, 19:21
2025-09-07 09:15:47,692 | INFO | HTTP Request: POST https://api.telegram.org/bot8124218849:AAGREB2h5cSe5o08FqN-pM-p0pT1dw-5v-A/sendMessage "HTTP/1.1 200 OK"
2025-09-07 09:15:47,693 | INFO | ✅ Опубликовано: NBC: США могут продать Украине оружие в обмен на и...
2025-09-07 09:15:47,694 | INFO | ⏳ Ожидание до 14:43 — 19679 сек...
2025-09-07 09:17:25,640 | INFO | Загружено 7 хешей из истории.
2025-09-07 09:17:25,704 | INFO | Получено 0 новостей из www.finam.ru
2025-09-07 09:17:27,893 | INFO | Получено 100 новостей из www.cbr.ru
2025-09-07 09:17:30,125 | INFO | Получено 200 новостей из www.vedomosti.ru
2025-09-07 09:17:32,379 | INFO | Получено 50 новостей из arb.ru
2025-09-07 09:17:34,696 | INFO | Получено 341 новостей из www.kommersant.ru
2025-09-07 09:17:36,769 | WARNING | Ошибка HTTP 404 при запросе https://www.rbc.ru/rss/finances.xml
2025-09-07 09:17:38,897 | WARNING | Ошибка HTTP 404 при запросе https://www.banki.ru/xml/news.rss
2025-09-07 09:17:40,908 | INFO | Расписание публикаций: 09:17, 10:17, 15:25, 16:37
2025-09-07 09:17:41,275 | INFO | HTTP Request: POST https://api.telegram.org/bot8124218849:AAGREB2h5cSe5o08FqN-pM-p0pT1dw-5v-A/sendMessage "HTTP/1.1 200 OK"
2025-09-07 09:17:41,276 | INFO | ✅ Опубликовано: Захарова: России для сохранения культуры нужно дви...
2025-09-07 09:17:41,277 | INFO | ⏳ Ожидание до 10:17 — 3599 сек...
2025-09-07 09:19:18,837 | INFO | Загружено 8 хешей из истории.
2025-09-07 09:19:18,908 | INFO | Получено 0 новостей из www.finam.ru
2025-09-07 09:19:21,026 | INFO | Получено 100 новостей из www.cbr.ru
2025-09-07 09:19:23,213 | INFO | Получено 200 новостей из www.vedomosti.ru
2025-09-07 09:19:25,484 | INFO | Получено 50 новостей из arb.ru
2025-09-07 09:19:27,795 | INFO | Получено 341 новостей из www.kommersant.ru
2025-09-07 09:19:29,874 | WARNING | Ошибка HTTP 404 при запросе https://www.rbc.ru/rss/finances.xml
2025-09-07 09:19:31,995 | WARNING | Ошибка HTTP 404 при запросе https://www.banki.ru/xml/news.rss
2025-09-07 09:19:34,001 | INFO | Расписание публикаций: 09:19, 16:09, 18:12, 21:43
2025-09-07 09:19:34,456 | INFO | HTTP Request: POST https://api.telegram.org/bot8124218849:AAGREB2h5cSe5o08FqN-pM-p0pT1dw-5v-A/sendMessage "HTTP/1.1 200 OK"
2025-09-07 09:19:34,457 | INFO | ✅ Опубликовано: Медведев: Россия изменит военный подход к обустрой...
2025-09-07 09:19:34,458 | INFO | ⏳ Ожидание до 16:09 — 24599 сек...
2025-09-07 09:24:07,362 | INFO | Загружено 9 хешей из истории.
2025-09-07 09:24:07,429 | INFO | Получено 0 новостей из www.finam.ru
2025-09-07 09:24:09,538 | INFO | Получено 100 новостей из www.cbr.ru
2025-09-07 09:24:11,727 | INFO | Получено 200 новостей из www.vedomosti.ru
2025-09-07 09:24:13,987 | INFO | Получено 50 новостей из arb.ru
2025-09-07 09:24:16,265 | INFO | Получено 341 новостей из www.kommersant.ru
2025-09-07 09:24:18,348 | WARNING | Ошибка HTTP 404 при запросе https://www.rbc.ru/rss/finances.xml
2025-09-07 09:24:20,490 | WARNING | Ошибка HTTP 404 при запросе https://www.banki.ru/xml/news.rss
2025-09-07 09:24:22,494 | INFO | Расписание публикаций: 09:24, 11:30, 12:48, 17:34
2025-09-07 09:24:23,012 | INFO | HTTP Request: POST https://api.telegram.org/bot7978164266:AAFORzmmI5dDa71red9VlLz_INCgalEIpKo/sendMessage "HTTP/1.1 200 OK"
2025-09-07 09:24:23,013 | INFO | ✅ Опубликовано: Главные новости к утру 6 сентября...
2025-09-07 09:24:23,013 | INFO | ⏳ Ожидание до 11:30 — 7559 сек...
